Performing C SOURCE FILE Test CMAKE_HAVE_LIBC_PTHREAD failed with the following output:
Change Dir: /home/csmajs/jherr116/github-classroom/cs100/lab-2-github-flow-jherr116-blim038/CMakeFiles/CMakeTmp

Run Build Command(s):/usr/bin/gmake -f Makefile cmTC_2bc21/fast && /usr/bin/gmake  -f CMakeFiles/cmTC_2bc21.dir/build.make CMakeFiles/cmTC_2bc21.dir/build
gmake[1]: Entering directory '/data/home/csmajs/jherr116/github-classroom/cs100/lab-2-github-flow-jherr116-blim038/CMakeFiles/CMakeTmp'
Building C object CMakeFiles/cmTC_2bc21.dir/src.c.o
/usr/bin/cc -DCMAKE_HAVE_LIBC_PTHREAD   -o CMakeFiles/cmTC_2bc21.dir/src.c.o -c /home/csmajs/jherr116/github-classroom/cs100/lab-2-github-flow-jherr116-blim038/CMakeFiles/CMakeTmp/src.c
Linking C executable cmTC_2bc21
/usr/bin/cmake -E cmake_link_script CMakeFiles/cmTC_2bc21.dir/link.txt --verbose=1
/usr/bin/cc CMakeFiles/cmTC_2bc21.dir/src.c.o -o cmTC_2bc21 
CMakeFiles/cmTC_2bc21.dir/src.c.o: In function `main':
src.c:(.text+0x2d): undefined reference to `pthread_create'
src.c:(.text+0x39): undefined reference to `pthread_detach'
src.c:(.text+0x45): undefined reference to `pthread_cancel'
src.c:(.text+0x56): undefined reference to `pthread_join'
collect2: error: ld returned 1 exit status
gmake[1]: *** [CMakeFiles/cmTC_2bc21.dir/build.make:99: cmTC_2bc21] Error 1
gmake[1]: Leaving directory '/data/home/csmajs/jherr116/github-classroom/cs100/lab-2-github-flow-jherr116-blim038/CMakeFiles/CMakeTmp'
gmake: *** [Makefile:127: cmTC_2bc21/fast] Error 2


Source file was:
#include <pthread.h>

static void* test_func(void* data)
{
  return data;
}

int main(void)
{
  pthread_t thread;
  pthread_create(&thread, NULL, test_func, NULL);
  pthread_detach(thread);
  pthread_cancel(thread);
  pthread_join(thread, NULL);
  pthread_atfork(NULL, NULL, NULL);
  pthread_exit(NULL);

  return 0;
}

Determining if the function pthread_create exists in the pthreads failed with the following output:
Change Dir: /home/csmajs/jherr116/github-classroom/cs100/lab-2-github-flow-jherr116-blim038/CMakeFiles/CMakeTmp

Run Build Command(s):/usr/bin/gmake -f Makefile cmTC_cd6de/fast && /usr/bin/gmake  -f CMakeFiles/cmTC_cd6de.dir/build.make CMakeFiles/cmTC_cd6de.dir/build
gmake[1]: Entering directory '/data/home/csmajs/jherr116/github-classroom/cs100/lab-2-github-flow-jherr116-blim038/CMakeFiles/CMakeTmp'
Building C object CMakeFiles/cmTC_cd6de.dir/CheckFunctionExists.c.o
/usr/bin/cc   -DCHECK_FUNCTION_EXISTS=pthread_create -o CMakeFiles/cmTC_cd6de.dir/CheckFunctionExists.c.o -c /usr/share/cmake/Modules/CheckFunctionExists.c
Linking C executable cmTC_cd6de
/usr/bin/cmake -E cmake_link_script CMakeFiles/cmTC_cd6de.dir/link.txt --verbose=1
/usr/bin/cc  -DCHECK_FUNCTION_EXISTS=pthread_create CMakeFiles/cmTC_cd6de.dir/CheckFunctionExists.c.o -o cmTC_cd6de  -lpthreads 
/usr/bin/ld: cannot find -lpthreads
collect2: error: ld returned 1 exit status
gmake[1]: *** [CMakeFiles/cmTC_cd6de.dir/build.make:99: cmTC_cd6de] Error 1
gmake[1]: Leaving directory '/data/home/csmajs/jherr116/github-classroom/cs100/lab-2-github-flow-jherr116-blim038/CMakeFiles/CMakeTmp'
gmake: *** [Makefile:127: cmTC_cd6de/fast] Error 2



